<?xml version="1.0" encoding="UTF-8"?>
<testsuite xmlns:xsi="http://www.w3.org/2001/XMLSchema-instance" xsi:noNamespaceSchemaLocation="https://maven.apache.org/surefire/maven-surefire-plugin/xsd/surefire-test-report-3.0.xsd" version="3.0" name="com.mycompany.pc2.TextProcessorTest" time="0.023" tests="11" errors="0" skipped="0" failures="0">
  <properties>
[...]
</properties>
  <testcase name="caso5_eliminarEspaciosInicioFinal" classname="com.mycompany.pc2.TextProcessorTest" time="0.003"/>
  <testcase name="caso9_respetaEspaciosInternos" classname="com.mycompany.pc2.TextProcessorTest" time="0.002"/>
  <testcase name="caso4_convertirAMayusculas" classname="com.mycompany.pc2.TextProcessorTest" time="0.001"/>
  <testcase name="caso10_caracteresEspeciales" classname="com.mycompany.pc2.TextProcessorTest" time="0.001"/>
  <testcase name="caso2_textoExcedeLongitudDebeLanzarExcepcion" classname="com.mycompany.pc2.TextProcessorTest" time="0.0"/>
  <testcase name="caso3_invertirTextoCorrectamente" classname="com.mycompany.pc2.TextProcessorTest" time="0.0"/>
  <testcase name="caso7_textoNuloDebeLanzarExcepcion" classname="com.mycompany.pc2.TextProcessorTest" time="0.001"/>
  <testcase name="caso6_textoValidoProcesadoCorrectamente" classname="com.mycompany.pc2.TextProcessorTest" time="0.0"/>
  <testcase name="caso11_constructorCubreJaCoCo" classname="com.mycompany.pc2.TextProcessorTest" time="0.0"/>
  <testcase name="caso1_textoVacioDebeLanzarExcepcion" classname="com.mycompany.pc2.TextProcessorTest" time="0.001"/>
  <testcase name="caso8_soloEspaciosDebeLanzarExcepcion" classname="com.mycompany.pc2.TextProcessorTest" time="0.001"/>
</testsuite>